<?xml version="1.0" encoding="UTF-8"?>
<!-- Generated by org.testng.reporters.JUnitReportReporter -->
<testsuite hostname="Mayura-Kale" failures="0" tests="2" name="testcases.LogInTests" time="2.594" errors="0" timestamp="2023-07-22T12:57:51 IST" skipped="0">
  <testcase classname="testcases.LogInTests" name="validateLogIn" time="2.577"/>
  <system-out/>
  <testcase classname="testcases.LogInTests" name="validateTitle" time="0.017"/>
  <system-out/>
</testsuite> <!-- testcases.LogInTests -->
